<?xml version="1.0" encoding="UTF-8"?>
<!-- Generated by org.testng.reporters.JUnitReportReporter -->
<testsuite skipped="0" hostname="Maktum-PC" name="appium.demo.test.Amazon" tests="1" failures="0" timestamp="13 May 2018 17:38:27 GMT" time="13.767" errors="0">
  <testcase name="testCal" time="13.767" classname="appium.demo.test.Amazon"/>
</testsuite> <!-- appium.demo.test.Amazon -->
